C:\Program Files (x86)\MSBuild\Microsoft.Cpp\v4.0\V140\Microsoft.CppBuild.targets(392,5): warning MSB8028: The intermediate directory (Debug\) contains files shared from another project (MPI.vcxproj).  This can lead to incorrect clean and rebuild behavior.
  Server.cpp
d:\studia\mag\oef\mpi\mpi\server.h(62): warning C4091: 'typedef ': ignored on left of 'baseRequest' when no variable is declared
d:\studia\mag\oef\mpi\mpi\server.h(67): warning C4091: 'typedef ': ignored on left of 'registerRQ' when no variable is declared
d:\studia\mag\oef\mpi\mpi\server.h(72): warning C4091: 'typedef ': ignored on left of 'loginRequest' when no variable is declared
d:\studia\mag\oef\mpi\mpi\server.h(77): warning C4091: 'typedef ': ignored on left of 'isServerRequest' when no variable is declared
d:\studia\mag\oef\mpi\mpi\server.h(85): warning C4091: 'typedef ': ignored on left of 'joinWorkerPoolRequest' when no variable is declared
d:\studia\mag\oef\mpi\mpi\server.h(91): warning C4091: 'typedef ': ignored on left of 'calculateRequest' when no variable is declared
d:\studia\mag\oef\mpi\mpi\server.h(97): warning C4091: 'typedef ': ignored on left of 'workerCalculateRequest' when no variable is declared
d:\studia\mag\oef\mpi\mpi\server.h(132): warning C4091: 'typedef ': ignored on left of 'cellDataStruct' when no variable is declared
d:\studia\mag\oef\mpi\mpi\server.h(149): warning C4018: '<': signed/unsigned mismatch
d:\studia\mag\oef\mpi\mpi\server.h(168): warning C4018: '<': signed/unsigned mismatch
d:\studia\mag\oef\mpi\mpi\server.h(204): warning C4091: 'typedef ': ignored on left of 'workerData' when no variable is declared
d:\studia\mag\oef\mpi\mpi\server.h(224): warning C4091: 'typedef ': ignored on left of 'workerPoolData' when no variable is declared
d:\studia\mag\oef\mpi\mpi\server.h(218): warning C4018: '<': signed/unsigned mismatch
d:\studia\mag\oef\mpi\mpi\server.h(232): warning C4091: 'typedef ': ignored on left of 'ClientInf' when no variable is declared
d:\studia\mag\oef\mpi\mpi\server.cpp(107): warning C4018: '<': signed/unsigned mismatch
d:\studia\mag\oef\mpi\mpi\server.cpp(118): warning C4018: '<': signed/unsigned mismatch
d:\studia\mag\oef\mpi\mpi\server.cpp(265): warning C4018: '<': signed/unsigned mismatch
d:\studia\mag\oef\mpi\mpi\server.cpp(289): warning C4018: '<': signed/unsigned mismatch
d:\studia\mag\oef\mpi\mpi\server.cpp(345): warning C4018: '<': signed/unsigned mismatch
d:\studia\mag\oef\mpi\mpi\server.cpp(417): warning C4018: '<': signed/unsigned mismatch
d:\studia\mag\oef\mpi\mpi\server.cpp(431): warning C4018: '<': signed/unsigned mismatch
d:\studia\mag\oef\mpi\mpi\server.cpp(440): warning C4244: 'initializing': conversion from 'double' to 'int', possible loss of data
d:\studia\mag\oef\mpi\mpi\server.cpp(465): warning C4018: '<': signed/unsigned mismatch
d:\studia\mag\oef\mpi\mpi\server.cpp(481): warning C4018: '<': signed/unsigned mismatch
d:\studia\mag\oef\mpi\mpi\server.cpp(499): warning C4018: '<': signed/unsigned mismatch
d:\studia\mag\oef\mpi\mpi\server.cpp(527): warning C4018: '<': signed/unsigned mismatch
d:\studia\mag\oef\mpi\mpi\server.cpp(529): warning C4018: '<': signed/unsigned mismatch
  MPI.vcxproj -> D:\Studia\mag\OEF\MPI\Debug\Server.exe
  MPI.vcxproj -> D:\Studia\mag\OEF\MPI\Debug\Server.pdb (Partial PDB)
