  Server.cpp
d:\studia\mag\oef\mpi\mpi\server.h(63): warning C4091: 'typedef ': ignored on left of 'baseRequest' when no variable is declared
d:\studia\mag\oef\mpi\mpi\server.h(68): warning C4091: 'typedef ': ignored on left of 'registerRQ' when no variable is declared
d:\studia\mag\oef\mpi\mpi\server.h(73): warning C4091: 'typedef ': ignored on left of 'loginRequest' when no variable is declared
d:\studia\mag\oef\mpi\mpi\server.h(78): warning C4091: 'typedef ': ignored on left of 'isServerRequest' when no variable is declared
d:\studia\mag\oef\mpi\mpi\server.h(86): warning C4091: 'typedef ': ignored on left of 'joinWorkerPoolRequest' when no variable is declared
d:\studia\mag\oef\mpi\mpi\server.h(92): warning C4091: 'typedef ': ignored on left of 'calculateRequest' when no variable is declared
d:\studia\mag\oef\mpi\mpi\server.h(98): warning C4091: 'typedef ': ignored on left of 'workerCalculateRequest' when no variable is declared
d:\studia\mag\oef\mpi\mpi\server.h(155): warning C4091: 'typedef ': ignored on left of 'cellDataStruct' when no variable is declared
d:\studia\mag\oef\mpi\mpi\server.h(165): warning C4267: 'return': conversion from 'size_t' to 'int', possible loss of data
d:\studia\mag\oef\mpi\mpi\server.h(173): warning C4267: '=': conversion from 'size_t' to 'uint32_t', possible loss of data
d:\studia\mag\oef\mpi\mpi\server.h(221): warning C4018: '<': signed/unsigned mismatch
d:\studia\mag\oef\mpi\mpi\server.h(256): warning C4091: 'typedef ': ignored on left of 'workerData' when no variable is declared
d:\studia\mag\oef\mpi\mpi\server.h(276): warning C4091: 'typedef ': ignored on left of 'workerPoolData' when no variable is declared
d:\studia\mag\oef\mpi\mpi\server.h(284): warning C4091: 'typedef ': ignored on left of 'ClientInf' when no variable is declared
d:\studia\mag\oef\mpi\mpi\server.cpp(427): warning C4267: 'initializing': conversion from 'size_t' to 'int', possible loss of data
d:\studia\mag\oef\mpi\mpi\server.cpp(437): warning C4244: 'initializing': conversion from 'double' to 'int', possible loss of data
d:\studia\mag\oef\mpi\mpi\server.cpp(468): warning C4244: 'initializing': conversion from 'double' to 'int', possible loss of data
d:\studia\mag\oef\mpi\mpi\server.cpp(523): warning C4244: 'initializing': conversion from 'double' to 'int', possible loss of data
d:\studia\mag\oef\mpi\mpi\server.cpp(531): warning C4267: 'initializing': conversion from 'size_t' to 'int', possible loss of data
d:\studia\mag\oef\mpi\mpi\server.cpp(564): warning C4267: 'argument': conversion from 'size_t' to 'DWORD', possible loss of data
d:\studia\mag\oef\mpi\mpi\server.cpp(569): warning C4267: 'argument': conversion from 'size_t' to 'DWORD', possible loss of data
d:\studia\mag\oef\mpi\mpi\server.cpp(605): warning C4102: 'end': unreferenced label
  Network.cpp
  Generating Code...
d:\studia\mag\oef\mpi\mpi\networking\network.cpp(176): warning C4715: 'Recv': not all control paths return a value
d:\studia\mag\oef\mpi\mpi\networking\network.cpp(132): warning C4715: 'Send': not all control paths return a value
  MPI.vcxproj -> D:\Studia\mag\OEF\MPI\x64\Debug\Server.exe
  MPI.vcxproj -> D:\Studia\mag\OEF\MPI\x64\Debug\Server.pdb (Partial PDB)
