  Network.cpp
d:\studia\mag\oef\mpi\client\network.h(9): warning C4091: 'typedef ': ignored on left of 'baseRequest' when no variable is declared
d:\studia\mag\oef\mpi\client\network.h(14): warning C4091: 'typedef ': ignored on left of 'registerRQ' when no variable is declared
d:\studia\mag\oef\mpi\client\network.h(19): warning C4091: 'typedef ': ignored on left of 'loginRequest' when no variable is declared
d:\studia\mag\oef\mpi\client\network.h(24): warning C4091: 'typedef ': ignored on left of 'isServerRequest' when no variable is declared
d:\studia\mag\oef\mpi\client\network.h(30): warning C4091: 'typedef ': ignored on left of 'joinWorkerPoolRequest' when no variable is declared
d:\studia\mag\oef\mpi\client\network.h(36): warning C4091: 'typedef ': ignored on left of 'calculateRequest' when no variable is declared
d:\studia\mag\oef\mpi\client\network.h(42): warning C4091: 'typedef ': ignored on left of 'workerCalculateRequest' when no variable is declared
d:\studia\mag\oef\mpi\client\network.h(71): warning C4091: 'typedef ': ignored on left of 'cellDataStruct' when no variable is declared
d:\studia\mag\oef\mpi\client\network.h(82): warning C4018: '<': signed/unsigned mismatch
d:\studia\mag\oef\mpi\client\network.h(96): warning C4018: '<': signed/unsigned mismatch
  Client.cpp
d:\studia\mag\oef\mpi\client\network.h(9): warning C4091: 'typedef ': ignored on left of 'baseRequest' when no variable is declared
d:\studia\mag\oef\mpi\client\network.h(14): warning C4091: 'typedef ': ignored on left of 'registerRQ' when no variable is declared
d:\studia\mag\oef\mpi\client\network.h(19): warning C4091: 'typedef ': ignored on left of 'loginRequest' when no variable is declared
d:\studia\mag\oef\mpi\client\network.h(24): warning C4091: 'typedef ': ignored on left of 'isServerRequest' when no variable is declared
d:\studia\mag\oef\mpi\client\network.h(30): warning C4091: 'typedef ': ignored on left of 'joinWorkerPoolRequest' when no variable is declared
d:\studia\mag\oef\mpi\client\network.h(36): warning C4091: 'typedef ': ignored on left of 'calculateRequest' when no variable is declared
d:\studia\mag\oef\mpi\client\network.h(42): warning C4091: 'typedef ': ignored on left of 'workerCalculateRequest' when no variable is declared
d:\studia\mag\oef\mpi\client\network.h(71): warning C4091: 'typedef ': ignored on left of 'cellDataStruct' when no variable is declared
d:\studia\mag\oef\mpi\client\network.h(82): warning C4018: '<': signed/unsigned mismatch
d:\studia\mag\oef\mpi\client\network.h(96): warning C4018: '<': signed/unsigned mismatch
  Generating Code...
  Client.vcxproj -> D:\Studia\mag\OEF\MPI\Debug\Client.exe
  Client.vcxproj -> D:\Studia\mag\OEF\MPI\Debug\Client.pdb (Partial PDB)
