  Worker.cpp
d:\studia\mag\oef\mpi\worker\network.h(9): warning C4091: 'typedef ': ignored on left of 'baseRequest' when no variable is declared
d:\studia\mag\oef\mpi\worker\network.h(14): warning C4091: 'typedef ': ignored on left of 'registerRQ' when no variable is declared
d:\studia\mag\oef\mpi\worker\network.h(19): warning C4091: 'typedef ': ignored on left of 'loginRequest' when no variable is declared
d:\studia\mag\oef\mpi\worker\network.h(24): warning C4091: 'typedef ': ignored on left of 'isServerRequest' when no variable is declared
d:\studia\mag\oef\mpi\worker\network.h(30): warning C4091: 'typedef ': ignored on left of 'joinWorkerPoolRequest' when no variable is declared
d:\studia\mag\oef\mpi\worker\network.h(36): warning C4091: 'typedef ': ignored on left of 'calculateRequest' when no variable is declared
d:\studia\mag\oef\mpi\worker\network.h(42): warning C4091: 'typedef ': ignored on left of 'workerCalculateRequest' when no variable is declared
d:\studia\mag\oef\mpi\worker\network.h(82): warning C4091: 'typedef ': ignored on left of 'cellDataStruct' when no variable is declared
d:\studia\mag\oef\mpi\worker\worker.cpp(266): warning C4244: 'argument': conversion from 'time_t' to 'unsigned int', possible loss of data
d:\studia\mag\oef\mpi\worker\worker.cpp(298): warning C4018: '<': signed/unsigned mismatch
  Network.cpp
d:\studia\mag\oef\mpi\worker\network.h(9): warning C4091: 'typedef ': ignored on left of 'baseRequest' when no variable is declared
d:\studia\mag\oef\mpi\worker\network.h(14): warning C4091: 'typedef ': ignored on left of 'registerRQ' when no variable is declared
d:\studia\mag\oef\mpi\worker\network.h(19): warning C4091: 'typedef ': ignored on left of 'loginRequest' when no variable is declared
d:\studia\mag\oef\mpi\worker\network.h(24): warning C4091: 'typedef ': ignored on left of 'isServerRequest' when no variable is declared
d:\studia\mag\oef\mpi\worker\network.h(30): warning C4091: 'typedef ': ignored on left of 'joinWorkerPoolRequest' when no variable is declared
d:\studia\mag\oef\mpi\worker\network.h(36): warning C4091: 'typedef ': ignored on left of 'calculateRequest' when no variable is declared
d:\studia\mag\oef\mpi\worker\network.h(42): warning C4091: 'typedef ': ignored on left of 'workerCalculateRequest' when no variable is declared
d:\studia\mag\oef\mpi\worker\network.h(82): warning C4091: 'typedef ': ignored on left of 'cellDataStruct' when no variable is declared
  Generating Code...
  Worker.vcxproj -> D:\Studia\mag\OEF\MPI\x64\Debug\Worker.exe
  Worker.vcxproj -> D:\Studia\mag\OEF\MPI\x64\Debug\Worker.pdb (Partial PDB)
