  Server.cpp
d:\studia\magisterskie - ftj\oef\mpi\network\network.h(41): warning C4091: "__declspec(dllexport)": zignorowano na lewo od "dataPacketHeader" podczas gdy brak deklaracji zmiennej
d:\studia\magisterskie - ftj\oef\mpi\network\network.h(47): warning C4091: "__declspec(dllexport)": zignorowano na lewo od "isServerRequest" podczas gdy brak deklaracji zmiennej
d:\studia\magisterskie - ftj\oef\mpi\network\network.h(229): warning C4091: "__declspec(dllexport)": zignorowano na lewo od "networkDataPacket" podczas gdy brak deklaracji zmiennej
d:\studia\magisterskie - ftj\oef\mpi\mpi\server.h(62): warning C4091: "typedef ": zignorowano na lewo od "baseRequest" podczas gdy brak deklaracji zmiennej
d:\studia\magisterskie - ftj\oef\mpi\mpi\server.h(67): warning C4091: "typedef ": zignorowano na lewo od "registerRQ" podczas gdy brak deklaracji zmiennej
d:\studia\magisterskie - ftj\oef\mpi\mpi\server.h(72): warning C4091: "typedef ": zignorowano na lewo od "loginRequest" podczas gdy brak deklaracji zmiennej
d:\studia\magisterskie - ftj\oef\mpi\mpi\server.h(81): warning C4091: "typedef ": zignorowano na lewo od "joinWorkerPoolRequest" podczas gdy brak deklaracji zmiennej
d:\studia\magisterskie - ftj\oef\mpi\mpi\server.h(87): warning C4091: "typedef ": zignorowano na lewo od "calculateRequest" podczas gdy brak deklaracji zmiennej
d:\studia\magisterskie - ftj\oef\mpi\mpi\server.h(93): warning C4091: "typedef ": zignorowano na lewo od "workerCalculateRequest" podczas gdy brak deklaracji zmiennej
d:\studia\magisterskie - ftj\oef\mpi\mpi\server.h(150): warning C4091: "typedef ": zignorowano na lewo od "cellDataStruct" podczas gdy brak deklaracji zmiennej
d:\studia\magisterskie - ftj\oef\mpi\mpi\server.h(246): warning C4267: "return": konwersja z "size_t" do "int", możliwa utrata danych
d:\studia\magisterskie - ftj\oef\mpi\mpi\server.h(254): warning C4267: "=": konwersja z "size_t" do "uint32_t", możliwa utrata danych
d:\studia\magisterskie - ftj\oef\mpi\mpi\server.h(309): warning C4018: "<": niezgodność typu ze znakiem/bez znaku
d:\studia\magisterskie - ftj\oef\mpi\mpi\server.h(357): warning C4091: "typedef ": zignorowano na lewo od "workerData" podczas gdy brak deklaracji zmiennej
d:\studia\magisterskie - ftj\oef\mpi\mpi\server.h(377): warning C4091: "typedef ": zignorowano na lewo od "workerPoolData" podczas gdy brak deklaracji zmiennej
d:\studia\magisterskie - ftj\oef\mpi\mpi\server.h(385): warning C4091: "typedef ": zignorowano na lewo od "ClientInf" podczas gdy brak deklaracji zmiennej
d:\studia\magisterskie - ftj\oef\mpi\mpi\server.cpp(427): warning C4267: "inicjowanie": konwersja z "size_t" do "int", możliwa utrata danych
d:\studia\magisterskie - ftj\oef\mpi\mpi\server.cpp(437): warning C4244: "inicjowanie": konwersja z "double" do "int", możliwa utrata danych
d:\studia\magisterskie - ftj\oef\mpi\mpi\server.cpp(468): warning C4244: "inicjowanie": konwersja z "double" do "int", możliwa utrata danych
d:\studia\magisterskie - ftj\oef\mpi\mpi\server.cpp(509): warning C4244: "inicjowanie": konwersja z "double" do "uint32_t", możliwa utrata danych
d:\studia\magisterskie - ftj\oef\mpi\mpi\server.cpp(515): warning C4244: "inicjowanie": konwersja z "double" do "int", możliwa utrata danych
d:\studia\magisterskie - ftj\oef\mpi\mpi\server.cpp(493): warning C4101: "netEvent": lokalna zmienna, do której nie istnieje odwołanie
d:\studia\magisterskie - ftj\oef\mpi\mpi\server.cpp(732): warning C4244: "inicjowanie": konwersja z "double" do "int", możliwa utrata danych
d:\studia\magisterskie - ftj\oef\mpi\mpi\server.cpp(740): warning C4267: "inicjowanie": konwersja z "size_t" do "int", możliwa utrata danych
d:\studia\magisterskie - ftj\oef\mpi\mpi\server.cpp(851): warning C4102: "end": etykieta, do której nie istnieje odwołanie
d:\studia\magisterskie - ftj\oef\mpi\mpi\server.cpp(698): warning C4101: "netEvent": lokalna zmienna, do której nie istnieje odwołanie
  Trwa generowanie kodu
  1 of 647 functions ( 0.2%) were compiled, the rest were copied from previous compilation.
    0 functions were new in current compilation
    1 functions had inline decision re-evaluated but remain unchanged
  Zakończono generowanie kodu
  MPI.vcxproj -> D:\Studia\Magisterskie - FTJ\OEF\MPI\x64\Release\Server.exe
