  NetworkCustom.cpp
d:\studia\magisterskie - ftj\oef\mpi\network\network.h(41): warning C4091: "__declspec(dllexport)": zignorowano na lewo od "dataPacketHeader" podczas gdy brak deklaracji zmiennej
d:\studia\magisterskie - ftj\oef\mpi\network\network.h(47): warning C4091: "__declspec(dllexport)": zignorowano na lewo od "isServerRequest" podczas gdy brak deklaracji zmiennej
d:\studia\magisterskie - ftj\oef\mpi\network\network.h(229): warning C4091: "__declspec(dllexport)": zignorowano na lewo od "networkDataPacket" podczas gdy brak deklaracji zmiennej
d:\studia\magisterskie - ftj\oef\mpi\client\networkcustom.h(11): warning C4091: "typedef ": zignorowano na lewo od "baseRequest" podczas gdy brak deklaracji zmiennej
d:\studia\magisterskie - ftj\oef\mpi\client\networkcustom.h(16): warning C4091: "typedef ": zignorowano na lewo od "registerRQ" podczas gdy brak deklaracji zmiennej
d:\studia\magisterskie - ftj\oef\mpi\client\networkcustom.h(21): warning C4091: "typedef ": zignorowano na lewo od "loginRequest" podczas gdy brak deklaracji zmiennej
d:\studia\magisterskie - ftj\oef\mpi\client\networkcustom.h(28): warning C4091: "typedef ": zignorowano na lewo od "joinWorkerPoolRequest" podczas gdy brak deklaracji zmiennej
d:\studia\magisterskie - ftj\oef\mpi\client\networkcustom.h(34): warning C4091: "typedef ": zignorowano na lewo od "calculateRequest" podczas gdy brak deklaracji zmiennej
d:\studia\magisterskie - ftj\oef\mpi\client\networkcustom.h(40): warning C4091: "typedef ": zignorowano na lewo od "workerCalculateRequest" podczas gdy brak deklaracji zmiennej
d:\studia\magisterskie - ftj\oef\mpi\client\networkcustom.h(69): warning C4091: "typedef ": zignorowano na lewo od "cellDataStruct" podczas gdy brak deklaracji zmiennej
d:\studia\magisterskie - ftj\oef\mpi\client\networkcustom.h(79): warning C4267: "=": konwersja z "size_t" do "uint32_t", możliwa utrata danych
d:\studia\magisterskie - ftj\oef\mpi\client\networkcustom.h(81): warning C4018: "<": niezgodność typu ze znakiem/bez znaku
d:\studia\magisterskie - ftj\oef\mpi\client\networkcustom.cpp(23): warning C4806: "!=": niebezpieczna operacja: żadna wartość typu "bool" podwyższona do typu "int" nie może być równa podanej stałej
d:\studia\magisterskie - ftj\oef\mpi\client\networkcustom.cpp(35): warning C4806: "!=": niebezpieczna operacja: żadna wartość typu "bool" podwyższona do typu "int" nie może być równa podanej stałej
     Trwa tworzenie biblioteki D:\Studia\Magisterskie - FTJ\OEF\MPI\x64\Release\Client.lib i obiektu D:\Studia\Magisterskie - FTJ\OEF\MPI\x64\Release\Client.exp
  Trwa generowanie kodu
  2 of 13 functions (15.4%) were compiled, the rest were copied from previous compilation.
    0 functions were new in current compilation
    0 functions had inline decision re-evaluated but remain unchanged
  Zakończono generowanie kodu
  Client.vcxproj -> D:\Studia\Magisterskie - FTJ\OEF\MPI\x64\Release\Client.exe
